<?xml version="1.0" encoding="UTF-8"?>
<!-- Generated by org.testng.reporters.JUnitXMLReporter -->
<testsuite ignored="0" hostname="DESKTOP-RTPCRIL" failures="1" tests="1" name="Test" time="18.68" errors="0" timestamp="2024-01-28T19:04:08 IST">
  <testcase classname="com.mystore.testcases.OrderPageTest" name="verifyTotalPrice" time="7.889">
    <failure type="java.lang.NoSuchMethodError" message="&amp;apos;void org.testng.Assert.assertEquals(java.lang.Double, java.lang.Double)&amp;apos;">
      <![CDATA[java.lang.NoSuchMethodError: 'void org.testng.Assert.assertEquals(java.lang.Double, java.lang.Double)'
at com.mystore.testcases.OrderPageTest.verifyTotalPrice(OrderPageTest.java:49)
at java.base/java.util.ArrayList.forEach(ArrayList.java:1511)
... Removed 27 stack frames]]>
    </failure>
  </testcase> <!-- verifyTotalPrice -->
</testsuite> <!-- Test -->
